{"level":"INFO","time":"2026-02-06 16:44:42.451","caller":"gin@v1.11.0/context.go:192","msg":"register success","username":"test1"}
{"level":"INFO","time":"2026-02-06 16:46:04.360","caller":"gin@v1.11.0/context.go:192","msg":"register success","username":"test1"}
{"level":"ERROR","time":"2026-02-06 16:52:56.259","caller":"gin@v1.11.0/context.go:192","msg":"login","error":"Key: 'CreateUserReq.Name' Error:Field validation for 'Name' failed on the 'required' tag","stacktrace":"github.com/gin-gonic/gin.(*Context).Next\n\tD:/Go/GoWorkstation/pkg/mod/github.com/gin-gonic/gin@v1.11.0/context.go:192\ngithub.com/gin-gonic/gin.CustomRecoveryWithWriter.func1\n\tD:/Go/GoWorkstation/pkg/mod/github.com/gin-gonic/gin@v1.11.0/recovery.go:92\ngithub.com/gin-gonic/gin.(*Context).Next\n\tD:/Go/GoWorkstation/pkg/mod/github.com/gin-gonic/gin@v1.11.0/context.go:192\ngithub.com/gin-gonic/gin.LoggerWithConfig.func1\n\tD:/Go/GoWorkstation/pkg/mod/github.com/gin-gonic/gin@v1.11.0/logger.go:249\ngithub.com/gin-gonic/gin.(*Context).Next\n\tD:/Go/GoWorkstation/pkg/mod/github.com/gin-gonic/gin@v1.11.0/context.go:192\ngithub.com/gin-gonic/gin.(*Engine).handleHTTPRequest\n\tD:/Go/GoWorkstation/pkg/mod/github.com/gin-gonic/gin@v1.11.0/gin.go:689\ngithub.com/gin-gonic/gin.(*Engine).ServeHTTP\n\tD:/Go/GoWorkstation/pkg/mod/github.com/gin-gonic/gin@v1.11.0/gin.go:643\nnet/http.serverHandler.ServeHTTP\n\tC:/Program Files/Go/src/net/http/server.go:3340\nnet/http.(*conn).serve\n\tC:/Program Files/Go/src/net/http/server.go:2109"}
{"level":"INFO","time":"2026-02-06 16:53:27.225","caller":"gin@v1.11.0/context.go:192","msg":"login","username":"test1","status":"success"}
{"level":"INFO","time":"2026-02-06 16:55:09.862","caller":"gin@v1.11.0/context.go:192","msg":"login","username":"test1","status":"success"}
{"level":"INFO","time":"2026-02-06 17:00:20.075","caller":"gin@v1.11.0/context.go:192","msg":"register success","username":"test1"}
{"level":"INFO","time":"2026-02-06 17:05:22.306","caller":"gin@v1.11.0/context.go:192","msg":"login","username":"test1","status":"success"}
{"level":"INFO","time":"2026-02-06 17:11:58.849","caller":"gin@v1.11.0/context.go:192","msg":"login","username":"test1","status":"success"}
{"level":"INFO","time":"2026-02-06 17:12:14.838","caller":"gin@v1.11.0/context.go:192","msg":"login","username":"test1","status":"success"}
{"level":"INFO","time":"2026-02-06 17:13:19.572","caller":"gin@v1.11.0/context.go:192","msg":"login","username":"test1","status":"success"}
{"level":"INFO","time":"2026-02-06 17:27:07.109","caller":"Auth/AuthUser.go:23","msg":"CheckToken","JWT声明:":{"name":"test1","registered_claims":{"iss":"ZhiHu","sub":"2019700654183813120","aud":["ZhiHu"],"exp":1770376334,"nbf":1770369134,"iat":1770369134,"jti":"2019700654183813120"}}}
{"level":"INFO","time":"2026-02-06 17:27:07.113","caller":"gin@v1.11.0/context.go:192","msg":"UpdPwd","username":"test1"}
{"level":"INFO","time":"2026-02-06 17:30:43.591","caller":"Auth/AuthUser.go:23","msg":"CheckToken","JWT声明:":{"name":"test1","registered_claims":{"iss":"ZhiHu","sub":"2019700654183813120","aud":["ZhiHu"],"exp":1770376334,"nbf":1770369134,"iat":1770369134,"jti":"2019700654183813120"}}}
{"level":"INFO","time":"2026-02-06 17:30:43.594","caller":"gin@v1.11.0/context.go:192","msg":"HomeUpd","username":"test1","url":"Storage/User/Avatar/test1_1770370243591934400.png"}
{"level":"INFO","time":"2026-02-06 17:35:13.029","caller":"Auth/AuthUser.go:23","msg":"CheckToken","JWT声明:":{"name":"test1","registered_claims":{"iss":"ZhiHu","sub":"2019700654183813120","aud":["ZhiHu"],"exp":1770376334,"nbf":1770369134,"iat":1770369134,"jti":"2019700654183813120"}}}
{"level":"INFO","time":"2026-02-06 17:35:13.032","caller":"gin@v1.11.0/context.go:192","msg":"HomeUpd","username":"test1","url":"Storage/User/Profile/test1_1770370513029485900.md"}
{"level":"INFO","time":"2026-02-06 17:39:56.889","caller":"Auth/AuthUser.go:23","msg":"CheckToken","JWT声明:":{"name":"test1","registered_claims":{"iss":"ZhiHu","sub":"2019700654183813120","aud":["ZhiHu"],"exp":1770376334,"nbf":1770369134,"iat":1770369134,"jti":"2019700654183813120"}}}
{"level":"INFO","time":"2026-02-06 18:03:03.202","caller":"Auth/AuthUser.go:23","msg":"CheckToken","JWT声明:":{"name":"test1","registered_claims":{"iss":"ZhiHu","sub":"2019700654183813120","aud":["ZhiHu"],"exp":1770376334,"nbf":1770369134,"iat":1770369134,"jti":"2019700654183813120"}}}
{"level":"INFO","time":"2026-02-06 18:07:44.645","caller":"runtime/proc.go:285","msg":"init success"}
{"level":"INFO","time":"2026-02-06 18:42:49.465","caller":"runtime/proc.go:285","msg":"init success"}
{"level":"INFO","time":"2026-02-06 18:55:47.988","caller":"gin@v1.11.0/context.go:192","msg":"GetUserInfo","username":"test1"}
{"level":"INFO","time":"2026-02-06 19:00:58.086","caller":"gin@v1.11.0/context.go:192","msg":"GetUserInfo","username":"test1"}
{"level":"INFO","time":"2026-02-06 19:01:50.120","caller":"gin@v1.11.0/context.go:192","msg":"GetUserInfo","username":"test1"}
{"level":"INFO","time":"2026-02-06 19:09:16.315","caller":"gin@v1.11.0/context.go:192","msg":"register success","username":"test2"}
{"level":"INFO","time":"2026-02-06 19:09:31.619","caller":"gin@v1.11.0/context.go:192","msg":"login","username":"test2","status":"success"}
{"level":"INFO","time":"2026-02-06 19:22:46.344","caller":"router/refresh.go:24","msg":"CheckToken","JWT声明:":{"name":"test2","registered_claims":{"iss":"ZhiHu","sub":"2019730168582508544","aud":["ZhiHu"],"exp":1770383371,"nbf":1770376171,"iat":1770376171,"jti":"2019730168582508544"}}}
{"level":"INFO","time":"2026-02-06 19:22:46.344","caller":"gin@v1.11.0/context.go:192","msg":"refresh","username":"test2"}
{"level":"INFO","time":"2026-02-06 19:37:20.252","caller":"runtime/proc.go:285","msg":"init success"}
{"level":"INFO","time":"2026-02-06 19:37:23.666","caller":"Auth/AuthUser.go:23","msg":"CheckToken","JWT声明:":{"name":"test2","registered_claims":{"iss":"ZhiHu","sub":"2019733501900754944","aud":["ZhiHu"],"exp":1770384166,"nbf":1770376966,"iat":1770376966,"jti":"2019733501900754944"}}}
{"level":"INFO","time":"2026-02-06 19:37:23.670","caller":"gin@v1.11.0/context.go:192","msg":"AnsUpd","username":"test2"}
{"level":"INFO","time":"2026-02-06 19:54:28.701","caller":"runtime/proc.go:285","msg":"init success"}
{"level":"ERROR","time":"2026-02-06 19:54:31.606","caller":"gin@v1.11.0/context.go:192","msg":"AnsRead","error":"Error 1054 (42S22): Unknown column 'LikeNum' in 'order clause'","stacktrace":"github.com/gin-gonic/gin.(*Context).Next\n\tD:/Go/GoWorkstation/pkg/mod/github.com/gin-gonic/gin@v1.11.0/context.go:192\ngithub.com/gin-gonic/gin.CustomRecoveryWithWriter.func1\n\tD:/Go/GoWorkstation/pkg/mod/github.com/gin-gonic/gin@v1.11.0/recovery.go:92\ngithub.com/gin-gonic/gin.(*Context).Next\n\tD:/Go/GoWorkstation/pkg/mod/github.com/gin-gonic/gin@v1.11.0/context.go:192\ngithub.com/gin-gonic/gin.LoggerWithConfig.func1\n\tD:/Go/GoWorkstation/pkg/mod/github.com/gin-gonic/gin@v1.11.0/logger.go:249\ngithub.com/gin-gonic/gin.(*Context).Next\n\tD:/Go/GoWorkstation/pkg/mod/github.com/gin-gonic/gin@v1.11.0/context.go:192\ngithub.com/gin-gonic/gin.(*Engine).handleHTTPRequest\n\tD:/Go/GoWorkstation/pkg/mod/github.com/gin-gonic/gin@v1.11.0/gin.go:689\ngithub.com/gin-gonic/gin.(*Engine).ServeHTTP\n\tD:/Go/GoWorkstation/pkg/mod/github.com/gin-gonic/gin@v1.11.0/gin.go:643\nnet/http.serverHandler.ServeHTTP\n\tC:/Program Files/Go/src/net/http/server.go:3340\nnet/http.(*conn).serve\n\tC:/Program Files/Go/src/net/http/server.go:2109"}
{"level":"INFO","time":"2026-02-06 19:55:11.792","caller":"runtime/proc.go:285","msg":"init success"}
{"level":"WARN","time":"2026-02-06 20:01:49.443","caller":"Auth/AuthUser.go:23","msg":"CheckToken","error":"token has invalid claims: token is expired"}
{"level":"INFO","time":"2026-02-06 20:02:21.242","caller":"gin@v1.11.0/context.go:192","msg":"login","username":"test1","status":"success"}
{"level":"INFO","time":"2026-02-06 20:02:39.467","caller":"Auth/AuthUser.go:23","msg":"CheckToken","JWT声明:":{"name":"test1","registered_claims":{"iss":"ZhiHu","sub":"2019743462944935936","aud":["ZhiHu"],"exp":1770386541,"nbf":1770379341,"iat":1770379341,"jti":"2019743462944935936"}}}
{"level":"INFO","time":"2026-02-06 20:02:39.478","caller":"gin@v1.11.0/context.go:192","msg":"CreateComment","username":"test1"}
{"level":"INFO","time":"2026-02-06 20:11:00.235","caller":"gin@v1.11.0/context.go:192","msg":"GetUserInfo","username":"test1"}
